mode: set
/home/alfenfebral/go-workspace/go-clean-architecture/utils/pagination.go:9.32,10.17 1 1
/home/alfenfebral/go-workspace/go-clean-architecture/utils/pagination.go:14.2,15.16 2 1
/home/alfenfebral/go-workspace/go-clean-architecture/utils/pagination.go:10.17,12.3 1 1
/home/alfenfebral/go-workspace/go-clean-architecture/utils/pagination.go:19.36,20.17 1 1
/home/alfenfebral/go-workspace/go-clean-architecture/utils/pagination.go:23.2,25.16 2 1
/home/alfenfebral/go-workspace/go-clean-architecture/utils/pagination.go:20.17,22.3 1 1
/home/alfenfebral/go-workspace/go-clean-architecture/utils/pagination.go:29.48,31.2 1 1
/home/alfenfebral/go-workspace/go-clean-architecture/utils/pagination.go:34.47,36.16 2 1
/home/alfenfebral/go-workspace/go-clean-architecture/utils/pagination.go:39.2,39.15 1 1
/home/alfenfebral/go-workspace/go-clean-architecture/utils/pagination.go:36.16,38.3 1 1
/home/alfenfebral/go-workspace/go-clean-architecture/utils/response.go:13.81,21.2 2 0
/home/alfenfebral/go-workspace/go-clean-architecture/utils/response.go:23.75,31.2 2 0
/home/alfenfebral/go-workspace/go-clean-architecture/utils/response.go:34.71,44.2 4 0
/home/alfenfebral/go-workspace/go-clean-architecture/utils/response.go:47.79,54.2 2 0
/home/alfenfebral/go-workspace/go-clean-architecture/utils/time.go:6.29,12.2 2 1
/home/alfenfebral/go-workspace/go-clean-architecture/utils/validation.go:21.44,26.25 4 0
/home/alfenfebral/go-workspace/go-clean-architecture/utils/validation.go:49.2,49.12 1 0
/home/alfenfebral/go-workspace/go-clean-architecture/utils/validation.go:26.25,29.18 2 0
/home/alfenfebral/go-workspace/go-clean-architecture/utils/validation.go:30.19,31.63 1 0
/home/alfenfebral/go-workspace/go-clean-architecture/utils/validation.go:32.19,33.63 1 0
/home/alfenfebral/go-workspace/go-clean-architecture/utils/validation.go:34.15,35.85 1 0
/home/alfenfebral/go-workspace/go-clean-architecture/utils/validation.go:36.15,37.83 1 0
/home/alfenfebral/go-workspace/go-clean-architecture/utils/validation.go:38.14,39.87 1 0
/home/alfenfebral/go-workspace/go-clean-architecture/utils/validation.go:40.14,41.89 1 0
/home/alfenfebral/go-workspace/go-clean-architecture/utils/validation.go:42.16,43.81 1 0
/home/alfenfebral/go-workspace/go-clean-architecture/utils/validation.go:44.19,45.76 1 0
/home/alfenfebral/go-workspace/go-clean-architecture/utils/validation.go:52.42,60.16 7 0
/home/alfenfebral/go-workspace/go-clean-architecture/utils/validation.go:72.2,72.12 1 0
/home/alfenfebral/go-workspace/go-clean-architecture/utils/validation.go:60.16,65.59 1 0
/home/alfenfebral/go-workspace/go-clean-architecture/utils/validation.go:69.3,69.13 1 0
/home/alfenfebral/go-workspace/go-clean-architecture/utils/validation.go:65.59,67.4 1 0
/home/alfenfebral/go-workspace/go-clean-architecture/utils/validation.go:75.70,77.33 2 0
/home/alfenfebral/go-workspace/go-clean-architecture/utils/validation.go:80.2,80.37 1 0
/home/alfenfebral/go-workspace/go-clean-architecture/utils/validation.go:87.2,87.11 1 0
/home/alfenfebral/go-workspace/go-clean-architecture/utils/validation.go:77.33,78.20 1 0
/home/alfenfebral/go-workspace/go-clean-architecture/utils/validation.go:80.37,83.15 3 0
/home/alfenfebral/go-workspace/go-clean-architecture/utils/validation.go:83.15,85.4 1 0
/home/alfenfebral/go-workspace/go-clean-architecture/utils/validation.go:91.44,93.31 1 0
/home/alfenfebral/go-workspace/go-clean-architecture/utils/validation.go:97.2,98.16 2 0
/home/alfenfebral/go-workspace/go-clean-architecture/utils/validation.go:102.2,102.13 1 0
/home/alfenfebral/go-workspace/go-clean-architecture/utils/validation.go:93.31,95.3 1 0
/home/alfenfebral/go-workspace/go-clean-architecture/utils/validation.go:98.16,100.3 1 0
/home/alfenfebral/go-workspace/go-clean-architecture/utils/validation.go:106.53,108.31 1 0
/home/alfenfebral/go-workspace/go-clean-architecture/utils/validation.go:112.2,113.16 2 0
/home/alfenfebral/go-workspace/go-clean-architecture/utils/validation.go:117.2,118.16 2 0
/home/alfenfebral/go-workspace/go-clean-architecture/utils/validation.go:122.2,122.15 1 0
/home/alfenfebral/go-workspace/go-clean-architecture/utils/validation.go:126.2,126.13 1 0
/home/alfenfebral/go-workspace/go-clean-architecture/utils/validation.go:108.31,110.3 1 0
/home/alfenfebral/go-workspace/go-clean-architecture/utils/validation.go:113.16,115.3 1 0
/home/alfenfebral/go-workspace/go-clean-architecture/utils/validation.go:118.16,120.3 1 0
/home/alfenfebral/go-workspace/go-clean-architecture/utils/validation.go:122.15,124.3 1 0
/home/alfenfebral/go-workspace/go-clean-architecture/utils/validation.go:130.50,132.31 1 0
/home/alfenfebral/go-workspace/go-clean-architecture/utils/validation.go:136.2,137.16 2 0
/home/alfenfebral/go-workspace/go-clean-architecture/utils/validation.go:141.2,142.16 2 0
/home/alfenfebral/go-workspace/go-clean-architecture/utils/validation.go:146.2,146.15 1 0
/home/alfenfebral/go-workspace/go-clean-architecture/utils/validation.go:150.2,150.13 1 0
/home/alfenfebral/go-workspace/go-clean-architecture/utils/validation.go:132.31,134.3 1 0
/home/alfenfebral/go-workspace/go-clean-architecture/utils/validation.go:137.16,139.3 1 0
/home/alfenfebral/go-workspace/go-clean-architecture/utils/validation.go:142.16,144.3 1 0
/home/alfenfebral/go-workspace/go-clean-architecture/utils/validation.go:146.15,148.3 1 0
/home/alfenfebral/go-workspace/go-clean-architecture/utils/validation.go:154.45,156.31 1 0
/home/alfenfebral/go-workspace/go-clean-architecture/utils/validation.go:160.2,161.45 2 0
/home/alfenfebral/go-workspace/go-clean-architecture/utils/validation.go:165.2,165.13 1 0
/home/alfenfebral/go-workspace/go-clean-architecture/utils/validation.go:156.31,158.3 1 0
/home/alfenfebral/go-workspace/go-clean-architecture/utils/validation.go:161.45,163.3 1 0
/home/alfenfebral/go-workspace/go-clean-architecture/apis/todo_api.go:23.72,33.2 6 0
/home/alfenfebral/go-workspace/go-clean-architecture/apis/todo_api.go:36.76,38.45 2 0
/home/alfenfebral/go-workspace/go-clean-architecture/apis/todo_api.go:47.2,56.16 3 0
/home/alfenfebral/go-workspace/go-clean-architecture/apis/todo_api.go:61.2,67.4 2 0
/home/alfenfebral/go-workspace/go-clean-architecture/apis/todo_api.go:38.45,39.27 1 0
/home/alfenfebral/go-workspace/go-clean-architecture/apis/todo_api.go:44.3,45.9 2 0
/home/alfenfebral/go-workspace/go-clean-architecture/apis/todo_api.go:39.27,42.4 2 0
/home/alfenfebral/go-workspace/go-clean-architecture/apis/todo_api.go:56.16,59.3 2 0
/home/alfenfebral/go-workspace/go-clean-architecture/apis/todo_api.go:71.76,83.16 5 1
/home/alfenfebral/go-workspace/go-clean-architecture/apis/todo_api.go:89.2,94.16 5 1
/home/alfenfebral/go-workspace/go-clean-architecture/apis/todo_api.go:98.2,112.4 3 1
/home/alfenfebral/go-workspace/go-clean-architecture/apis/todo_api.go:83.16,87.3 3 1
/home/alfenfebral/go-workspace/go-clean-architecture/apis/todo_api.go:94.16,97.3 2 1
/home/alfenfebral/go-workspace/go-clean-architecture/apis/todo_api.go:116.77,122.16 3 1
/home/alfenfebral/go-workspace/go-clean-architecture/apis/todo_api.go:132.2,138.4 2 1
/home/alfenfebral/go-workspace/go-clean-architecture/apis/todo_api.go:122.16,123.33 1 1
/home/alfenfebral/go-workspace/go-clean-architecture/apis/todo_api.go:128.3,129.9 2 1
/home/alfenfebral/go-workspace/go-clean-architecture/apis/todo_api.go:123.33,126.4 2 1
/home/alfenfebral/go-workspace/go-clean-architecture/apis/todo_api.go:143.76,148.45 3 0
/home/alfenfebral/go-workspace/go-clean-architecture/apis/todo_api.go:159.2,160.16 2 0
/home/alfenfebral/go-workspace/go-clean-architecture/apis/todo_api.go:169.2,177.16 3 0
/home/alfenfebral/go-workspace/go-clean-architecture/apis/todo_api.go:182.2,187.4 2 0
/home/alfenfebral/go-workspace/go-clean-architecture/apis/todo_api.go:148.45,149.27 1 0
/home/alfenfebral/go-workspace/go-clean-architecture/apis/todo_api.go:154.3,155.9 2 0
/home/alfenfebral/go-workspace/go-clean-architecture/apis/todo_api.go:149.27,152.4 2 0
/home/alfenfebral/go-workspace/go-clean-architecture/apis/todo_api.go:160.16,161.33 1 0
/home/alfenfebral/go-workspace/go-clean-architecture/apis/todo_api.go:166.3,167.9 2 0
/home/alfenfebral/go-workspace/go-clean-architecture/apis/todo_api.go:161.33,164.4 2 0
/home/alfenfebral/go-workspace/go-clean-architecture/apis/todo_api.go:177.16,180.3 2 0
/home/alfenfebral/go-workspace/go-clean-architecture/apis/todo_api.go:191.76,197.16 3 0
/home/alfenfebral/go-workspace/go-clean-architecture/apis/todo_api.go:207.2,207.16 1 0
/home/alfenfebral/go-workspace/go-clean-architecture/apis/todo_api.go:213.2,214.16 2 0
/home/alfenfebral/go-workspace/go-clean-architecture/apis/todo_api.go:224.2,229.4 2 0
/home/alfenfebral/go-workspace/go-clean-architecture/apis/todo_api.go:197.16,198.33 1 0
/home/alfenfebral/go-workspace/go-clean-architecture/apis/todo_api.go:203.3,204.9 2 0
/home/alfenfebral/go-workspace/go-clean-architecture/apis/todo_api.go:198.33,201.4 2 0
/home/alfenfebral/go-workspace/go-clean-architecture/apis/todo_api.go:207.16,210.3 2 0
/home/alfenfebral/go-workspace/go-clean-architecture/apis/todo_api.go:214.16,215.33 1 0
/home/alfenfebral/go-workspace/go-clean-architecture/apis/todo_api.go:220.3,221.9 2 0
/home/alfenfebral/go-workspace/go-clean-architecture/apis/todo_api.go:215.33,218.4 2 0
